Info: Starting: Create block symbol file (.bsf)
Info: qsys-generate D:\yutong\ece385\lab9\nios.qsys --block-symbol-file --output-directory=D:\yutong\ece385\lab9\nios --family="Cyclone IV E" --part=EP4CE115F29C7
Progress: Loading lab9/nios.qsys
Progress: Reading input file
Progress: Adding VGA_text_mode_controller [VGA_text_mode_controller 0.1]
Progress: Parameterizing module VGA_text_mode_controller
Progress: Adding altpll_0 [altpll 18.1]
Progress: Parameterizing module altpll_0
Progress: Adding clk_0 [clock_source 18.1]
Progress: Parameterizing module clk_0
Progress: Adding jtag_uart_0 [altera_avalon_jtag_uart 18.1]
Progress: Parameterizing module jtag_uart_0
Progress: Adding keycode [altera_avalon_pio 18.1]
Progress: Parameterizing module keycode
Progress: Adding nios2_gen2_0 [altera_nios2_gen2 18.1]
Progress: Parameterizing module nios2_gen2_0
Progress: Adding otg_hpi_address [altera_avalon_pio 18.1]
Progress: Parameterizing module otg_hpi_address
Progress: Adding otg_hpi_cs [altera_avalon_pio 18.1]
Progress: Parameterizing module otg_hpi_cs
Progress: Adding otg_hpi_data [altera_avalon_pio 18.1]
Progress: Parameterizing module otg_hpi_data
Progress: Adding otg_hpi_r [altera_avalon_pio 18.1]
Progress: Parameterizing module otg_hpi_r
Progress: Adding otg_hpi_reset [altera_avalon_pio 18.1]
Progress: Parameterizing module otg_hpi_reset
Progress: Adding otg_hpi_w [altera_avalon_pio 18.1]
Progress: Parameterizing module otg_hpi_w
Progress: Adding ram [altera_avalon_onchip_memory2 18.1]
Progress: Parameterizing module ram
Progress: Adding sdram [altera_avalon_new_sdram_controller 18.1]
Progress: Parameterizing module sdram
Progress: Adding sysid_qsys_0 [altera_avalon_sysid_qsys 18.1]
Progress: Parameterizing module sysid_qsys_0
Progress: Building connections
Progress: Parameterizing connections
Progress: Validating
Progress: Done reading input file
Info: nios.jtag_uart_0: JTAG UART IP input clock need to be at least double (2x) the operating frequency of JTAG TCK on board
Info: nios.sdram: SDRAM Controller will only be supported in Quartus Prime Standard Edition in the future release.
Info: nios.sysid_qsys_0: System ID is not assigned automatically. Edit the System ID parameter to provide a unique ID
Info: nios.sysid_qsys_0: Time stamp will be automatically updated when this component is generated.
Info: qsys-generate succeeded.
Info: Finished: Create block symbol file (.bsf)
Info: 
Info: Starting: Create HDL design files for synthesis
Info: qsys-generate D:\yutong\ece385\lab9\nios.qsys --synthesis=VERILOG --output-directory=D:\yutong\ece385\lab9\nios\synthesis --family="Cyclone IV E" --part=EP4CE115F29C7
Progress: Loading lab9/nios.qsys
Progress: Reading input file
Progress: Adding VGA_text_mode_controller [VGA_text_mode_controller 0.1]
Progress: Parameterizing module VGA_text_mode_controller
Progress: Adding altpll_0 [altpll 18.1]
Progress: Parameterizing module altpll_0
Progress: Adding clk_0 [clock_source 18.1]
Progress: Parameterizing module clk_0
Progress: Adding jtag_uart_0 [altera_avalon_jtag_uart 18.1]
Progress: Parameterizing module jtag_uart_0
Progress: Adding keycode [altera_avalon_pio 18.1]
Progress: Parameterizing module keycode
Progress: Adding nios2_gen2_0 [altera_nios2_gen2 18.1]
Progress: Parameterizing module nios2_gen2_0
Progress: Adding otg_hpi_address [altera_avalon_pio 18.1]
Progress: Parameterizing module otg_hpi_address
Progress: Adding otg_hpi_cs [altera_avalon_pio 18.1]
Progress: Parameterizing module otg_hpi_cs
Progress: Adding otg_hpi_data [altera_avalon_pio 18.1]
Progress: Parameterizing module otg_hpi_data
Progress: Adding otg_hpi_r [altera_avalon_pio 18.1]
Progress: Parameterizing module otg_hpi_r
Progress: Adding otg_hpi_reset [altera_avalon_pio 18.1]
Progress: Parameterizing module otg_hpi_reset
Progress: Adding otg_hpi_w [altera_avalon_pio 18.1]
Progress: Parameterizing module otg_hpi_w
Progress: Adding ram [altera_avalon_onchip_memory2 18.1]
Progress: Parameterizing module ram
Progress: Adding sdram [altera_avalon_new_sdram_controller 18.1]
Progress: Parameterizing module sdram
Progress: Adding sysid_qsys_0 [altera_avalon_sysid_qsys 18.1]
Progress: Parameterizing module sysid_qsys_0
Progress: Building connections
Progress: Parameterizing connections
Progress: Validating
Progress: Done reading input file
Info: nios.jtag_uart_0: JTAG UART IP input clock need to be at least double (2x) the operating frequency of JTAG TCK on board
Info: nios.sdram: SDRAM Controller will only be supported in Quartus Prime Standard Edition in the future release.
Info: nios.sysid_qsys_0: System ID is not assigned automatically. Edit the System ID parameter to provide a unique ID
Info: nios.sysid_qsys_0: Time stamp will be automatically updated when this component is generated.
Info: nios: Generating nios "nios" for QUARTUS_SYNTH
Info: Inserting clock-crossing logic between cmd_demux.src6 and cmd_mux_006.sink0
Info: Inserting clock-crossing logic between cmd_demux_001.src4 and cmd_mux_006.sink1
Info: Inserting clock-crossing logic between rsp_demux_006.src0 and rsp_mux.sink6
Info: Inserting clock-crossing logic between rsp_demux_006.src1 and rsp_mux_001.sink4
Info: VGA_text_mode_controller: "nios" instantiated VGA_text_mode_controller "VGA_text_mode_controller"
Info: altpll_0: "nios" instantiated altpll "altpll_0"
Info: jtag_uart_0: Starting RTL generation for module 'nios_jtag_uart_0'
Info: jtag_uart_0:   Generation command is [exec D:/intelfpga_lite/18.1/quartus/bin64/perl/bin/perl.exe -I D:/intelfpga_lite/18.1/quartus/bin64/perl/lib -I D:/intelfpga_lite/18.1/quartus/sopc_builder/bin/europa -I D:/intelfpga_lite/18.1/quartus/sopc_builder/bin/perl_lib -I D:/intelfpga_lite/18.1/quartus/sopc_builder/bin -I D:/intelfpga_lite/18.1/quartus/../ip/altera/sopc_builder_ip/common -I D:/intelfpga_lite/18.1/quartus/../ip/altera/sopc_builder_ip/altera_avalon_jtag_uart -- D:/intelfpga_lite/18.1/quartus/../ip/altera/sopc_builder_ip/altera_avalon_jtag_uart/generate_rtl.pl --name=nios_jtag_uart_0 --dir=C:/Users/HUAWEI/AppData/Local/Temp/alt9831_2820765020140363287.dir/0006_jtag_uart_0_gen/ --quartus_dir=D:/intelfpga_lite/18.1/quartus --verilog --config=C:/Users/HUAWEI/AppData/Local/Temp/alt9831_2820765020140363287.dir/0006_jtag_uart_0_gen//nios_jtag_uart_0_component_configuration.pl  --do_build_sim=0  ]
Info: jtag_uart_0: Done RTL generation for module 'nios_jtag_uart_0'
Info: jtag_uart_0: "nios" instantiated altera_avalon_jtag_uart "jtag_uart_0"
Info: nios2_gen2_0: "nios" instantiated altera_nios2_gen2 "nios2_gen2_0"
Info: ram: Starting RTL generation for module 'nios_ram'
Info: ram:   Generation command is [exec D:/intelfpga_lite/18.1/quartus/bin64/perl/bin/perl.exe -I D:/intelfpga_lite/18.1/quartus/bin64/perl/lib -I D:/intelfpga_lite/18.1/quartus/sopc_builder/bin/europa -I D:/intelfpga_lite/18.1/quartus/sopc_builder/bin/perl_lib -I D:/intelfpga_lite/18.1/quartus/sopc_builder/bin -I D:/intelfpga_lite/18.1/quartus/../ip/altera/sopc_builder_ip/common -I D:/intelfpga_lite/18.1/quartus/../ip/altera/sopc_builder_ip/altera_avalon_onchip_memory2 -- D:/intelfpga_lite/18.1/quartus/../ip/altera/sopc_builder_ip/altera_avalon_onchip_memory2/generate_rtl.pl --name=nios_ram --dir=C:/Users/HUAWEI/AppData/Local/Temp/alt9831_2820765020140363287.dir/0007_ram_gen/ --quartus_dir=D:/intelfpga_lite/18.1/quartus --verilog --config=C:/Users/HUAWEI/AppData/Local/Temp/alt9831_2820765020140363287.dir/0007_ram_gen//nios_ram_component_configuration.pl  --do_build_sim=0  ]
Info: ram: Done RTL generation for module 'nios_ram'
Info: ram: "nios" instantiated altera_avalon_onchip_memory2 "ram"
Info: sdram: Starting RTL generation for module 'nios_sdram'
Info: sdram:   Generation command is [exec D:/intelfpga_lite/18.1/quartus/bin64/perl/bin/perl.exe -I D:/intelfpga_lite/18.1/quartus/bin64/perl/lib -I D:/intelfpga_lite/18.1/quartus/sopc_builder/bin/europa -I D:/intelfpga_lite/18.1/quartus/sopc_builder/bin/perl_lib -I D:/intelfpga_lite/18.1/quartus/sopc_builder/bin -I D:/intelfpga_lite/18.1/quartus/../ip/altera/sopc_builder_ip/common -I D:/intelfpga_lite/18.1/quartus/../ip/altera/sopc_builder_ip/altera_avalon_new_sdram_controller -- D:/intelfpga_lite/18.1/quartus/../ip/altera/sopc_builder_ip/altera_avalon_new_sdram_controller/generate_rtl.pl --name=nios_sdram --dir=C:/Users/HUAWEI/AppData/Local/Temp/alt9831_2820765020140363287.dir/0008_sdram_gen/ --quartus_dir=D:/intelfpga_lite/18.1/quartus --verilog --config=C:/Users/HUAWEI/AppData/Local/Temp/alt9831_2820765020140363287.dir/0008_sdram_gen//nios_sdram_component_configuration.pl  --do_build_sim=0  ]
Info: sdram: Done RTL generation for module 'nios_sdram'
Info: sdram: "nios" instantiated altera_avalon_new_sdram_controller "sdram"
Info: sysid_qsys_0: "nios" instantiated altera_avalon_sysid_qsys "sysid_qsys_0"
Info: avalon_st_adapter: Inserting error_adapter: error_adapter_0
Info: avalon_st_adapter_001: Inserting error_adapter: error_adapter_0
Info: avalon_st_adapter_002: Inserting error_adapter: error_adapter_0
Info: avalon_st_adapter_003: Inserting error_adapter: error_adapter_0
Info: avalon_st_adapter_004: Inserting error_adapter: error_adapter_0
Info: avalon_st_adapter_005: Inserting error_adapter: error_adapter_0
Info: avalon_st_adapter_006: Inserting error_adapter: error_adapter_0
Info: mm_interconnect_0: "nios" instantiated altera_mm_interconnect "mm_interconnect_0"
Info: irq_mapper: "nios" instantiated altera_irq_mapper "irq_mapper"
Info: rst_controller: "nios" instantiated altera_reset_controller "rst_controller"
Info: cpu: Starting RTL generation for module 'nios_nios2_gen2_0_cpu'
Info: cpu:   Generation command is [exec D:/intelFPGA_lite/18.1/quartus/bin64//eperlcmd.exe -I D:/intelFPGA_lite/18.1/quartus/bin64//perl/lib -I D:/intelfpga_lite/18.1/quartus/sopc_builder/bin/europa -I D:/intelfpga_lite/18.1/quartus/sopc_builder/bin/perl_lib -I D:/intelfpga_lite/18.1/quartus/sopc_builder/bin -I D:/intelfpga_lite/18.1/quartus/../ip/altera/nios2_ip/altera_nios2_gen2/cpu_lib -I D:/intelfpga_lite/18.1/quartus/../ip/altera/nios2_ip/altera_nios2_gen2/nios_lib -I D:/intelfpga_lite/18.1/quartus/../ip/altera/nios2_ip/altera_nios2_gen2 -I D:/intelfpga_lite/18.1/quartus/../ip/altera/nios2_ip/altera_nios2_gen2 -- D:/intelfpga_lite/18.1/quartus/../ip/altera/nios2_ip/altera_nios2_gen2/generate_rtl.epl --name=nios_nios2_gen2_0_cpu --dir=C:/Users/HUAWEI/AppData/Local/Temp/alt9831_2820765020140363287.dir/0012_cpu_gen/ --quartus_bindir=D:/intelFPGA_lite/18.1/quartus/bin64/ --verilog --config=C:/Users/HUAWEI/AppData/Local/Temp/alt9831_2820765020140363287.dir/0012_cpu_gen//nios_nios2_gen2_0_cpu_processor_configuration.pl  --do_build_sim=0  ]
Info: cpu: # 2024.04.19 04:34:06 (*) Starting Nios II generation
Info: cpu: # 2024.04.19 04:34:06 (*)   Checking for plaintext license.
Info: cpu: # 2024.04.19 04:34:07 (*)   Couldn't query license setup in Quartus directory D:/intelFPGA_lite/18.1/quartus/bin64/
Info: cpu: # 2024.04.19 04:34:07 (*)   Defaulting to contents of LM_LICENSE_FILE environment variable
Info: cpu: # 2024.04.19 04:34:07 (*)   LM_LICENSE_FILE environment variable is empty
Info: cpu: # 2024.04.19 04:34:07 (*)   Plaintext license not found.
Info: cpu: # 2024.04.19 04:34:07 (*)   No license required to generate encrypted Nios II/e.
Info: cpu: # 2024.04.19 04:34:07 (*)   Elaborating CPU configuration settings
Info: cpu: # 2024.04.19 04:34:07 (*)   Creating all objects for CPU
Info: cpu: # 2024.04.19 04:34:08 (*)   Generating RTL from CPU objects
Info: cpu: # 2024.04.19 04:34:08 (*)   Creating plain-text RTL
Info: cpu: # 2024.04.19 04:34:09 (*) Done Nios II generation
Info: cpu: Done RTL generation for module 'nios_nios2_gen2_0_cpu'
Info: cpu: "nios2_gen2_0" instantiated altera_nios2_gen2_unit "cpu"
Info: nios2_gen2_0_data_master_translator: "mm_interconnect_0" instantiated altera_merlin_master_translator "nios2_gen2_0_data_master_translator"
Info: jtag_uart_0_avalon_jtag_slave_translator: "mm_interconnect_0" instantiated altera_merlin_slave_translator "jtag_uart_0_avalon_jtag_slave_translator"
Info: nios2_gen2_0_data_master_agent: "mm_interconnect_0" instantiated altera_merlin_master_agent "nios2_gen2_0_data_master_agent"
Info: jtag_uart_0_avalon_jtag_slave_agent: "mm_interconnect_0" instantiated altera_merlin_slave_agent "jtag_uart_0_avalon_jtag_slave_agent"
Info: jtag_uart_0_avalon_jtag_slave_agent_rsp_fifo: "mm_interconnect_0" instantiated altera_avalon_sc_fifo "jtag_uart_0_avalon_jtag_slave_agent_rsp_fifo"
Info: router: "mm_interconnect_0" instantiated altera_merlin_router "router"
Info: router_001: "mm_interconnect_0" instantiated altera_merlin_router "router_001"
Info: router_002: "mm_interconnect_0" instantiated altera_merlin_router "router_002"
Info: router_004: "mm_interconnect_0" instantiated altera_merlin_router "router_004"
Info: cmd_demux: "mm_interconnect_0" instantiated altera_merlin_demultiplexer "cmd_demux"
Info: cmd_demux_001: "mm_interconnect_0" instantiated altera_merlin_demultiplexer "cmd_demux_001"
Info: cmd_mux: "mm_interconnect_0" instantiated altera_merlin_multiplexer "cmd_mux"
Info: cmd_mux_002: "mm_interconnect_0" instantiated altera_merlin_multiplexer "cmd_mux_002"
Info: Reusing file D:/yutong/ece385/lab9/nios/synthesis/submodules/altera_merlin_arbitrator.sv
Info: rsp_demux: "mm_interconnect_0" instantiated altera_merlin_demultiplexer "rsp_demux"
Info: rsp_demux_002: "mm_interconnect_0" instantiated altera_merlin_demultiplexer "rsp_demux_002"
Info: rsp_mux: "mm_interconnect_0" instantiated altera_merlin_multiplexer "rsp_mux"
Info: Reusing file D:/yutong/ece385/lab9/nios/synthesis/submodules/altera_merlin_arbitrator.sv
Info: rsp_mux_001: "mm_interconnect_0" instantiated altera_merlin_multiplexer "rsp_mux_001"
Info: Reusing file D:/yutong/ece385/lab9/nios/synthesis/submodules/altera_merlin_arbitrator.sv
Info: crosser: "mm_interconnect_0" instantiated altera_avalon_st_handshake_clock_crosser "crosser"
Info: avalon_st_adapter: "mm_interconnect_0" instantiated altera_avalon_st_adapter "avalon_st_adapter"
Info: error_adapter_0: "avalon_st_adapter" instantiated error_adapter "error_adapter_0"
Info: nios: Done "nios" with 32 modules, 51 files
Info: qsys-generate succeeded.
Info: Finished: Create HDL design files for synthesis
